  GAME2012_Final_Saeidi_Sarabi.cpp
C:\Users\mehra\Desktop\GAME2012_Final_Saeidi_Sarabi\FirstExample\Shape.h(67,21): warning C4018: '<': signed/unsigned mismatch
C:\Users\mehra\Desktop\GAME2012_Final_Saeidi_Sarabi\FirstExample\Shape.h(79,21): warning C4018: '<': signed/unsigned mismatch
C:\Users\mehra\Desktop\GAME2012_Final_Saeidi_Sarabi\FirstExample\Shape.h(151,30): warning C4244: 'argument': conversion from 'int' to 'const _Ty', possible loss of data
          with
          [
              _Ty=GLfloat
          ]
C:\Users\mehra\Desktop\GAME2012_Final_Saeidi_Sarabi\FirstExample\Shape.h(152,30): warning C4244: 'argument': conversion from 'int' to 'const _Ty', possible loss of data
          with
          [
              _Ty=GLfloat
          ]
C:\Users\mehra\Desktop\GAME2012_Final_Saeidi_Sarabi\FirstExample\Shape.h(195,21): warning C4018: '<': signed/unsigned mismatch
C:\Users\mehra\Desktop\GAME2012_Final_Saeidi_Sarabi\FirstExample\Shape.h(360,1): warning C4244: '+=': conversion from 'double' to 'float', possible loss of data
C:\Users\mehra\Desktop\GAME2012_Final_Saeidi_Sarabi\FirstExample\Shape.h(371,1): warning C4244: '+=': conversion from 'double' to 'float', possible loss of data
C:\Users\mehra\Desktop\GAME2012_Final_Saeidi_Sarabi\FirstExample\Shape.h(412,21): warning C4018: '<': signed/unsigned mismatch
C:\Users\mehra\Desktop\GAME2012_Final_Saeidi_Sarabi\FirstExample\Shape.h(437,1): warning C4244: '+=': conversion from 'double' to 'float', possible loss of data
C:\Users\mehra\Desktop\GAME2012_Final_Saeidi_Sarabi\FirstExample\Shape.h(462,21): warning C4018: '<': signed/unsigned mismatch
C:\Users\mehra\Desktop\GAME2012_Final_Saeidi_Sarabi\FirstExample\GAME2012_Final_Saeidi_Sarabi.cpp(537,24): warning C4305: 'argument': truncation from 'double' to 'GLfloat'
C:\Users\mehra\Desktop\GAME2012_Final_Saeidi_Sarabi\FirstExample\GAME2012_Final_Saeidi_Sarabi.cpp(538,23): warning C4305: 'argument': truncation from 'double' to 'GLfloat'
C:\Users\mehra\Desktop\GAME2012_Final_Saeidi_Sarabi\FirstExample\GAME2012_Final_Saeidi_Sarabi.cpp(539,25): warning C4305: 'argument': truncation from 'double' to 'GLfloat'
C:\Users\mehra\Desktop\GAME2012_Final_Saeidi_Sarabi\FirstExample\GAME2012_Final_Saeidi_Sarabi.cpp(540,24): warning C4305: 'argument': truncation from 'double' to 'GLfloat'
C:\Users\mehra\Desktop\GAME2012_Final_Saeidi_Sarabi\FirstExample\GAME2012_Final_Saeidi_Sarabi.cpp(1406,27): warning C4305: '-=': truncation from 'double' to 'T'
          with
          [
              T=float
          ]
C:\Users\mehra\Desktop\GAME2012_Final_Saeidi_Sarabi\FirstExample\GAME2012_Final_Saeidi_Sarabi.cpp(1408,27): warning C4305: '-=': truncation from 'double' to 'T'
          with
          [
              T=float
          ]
C:\Users\mehra\Desktop\GAME2012_Final_Saeidi_Sarabi\FirstExample\GAME2012_Final_Saeidi_Sarabi.cpp(1410,27): warning C4305: '+=': truncation from 'double' to 'T'
          with
          [
              T=float
          ]
C:\Users\mehra\Desktop\GAME2012_Final_Saeidi_Sarabi\FirstExample\GAME2012_Final_Saeidi_Sarabi.cpp(1412,27): warning C4305: '+=': truncation from 'double' to 'T'
          with
          [
              T=float
          ]
C:\Users\mehra\Desktop\GAME2012_Final_Saeidi_Sarabi\FirstExample\GAME2012_Final_Saeidi_Sarabi.cpp(1414,27): warning C4305: '+=': truncation from 'double' to 'T'
          with
          [
              T=float
          ]
C:\Users\mehra\Desktop\GAME2012_Final_Saeidi_Sarabi\FirstExample\GAME2012_Final_Saeidi_Sarabi.cpp(1416,27): warning C4305: '-=': truncation from 'double' to 'T'
          with
          [
              T=float
          ]
  LoadShaders.cpp
LINK : warning LNK4098: defaultlib 'LIBCMTD' conflicts with use of other libs; use /NODEFAULTLIB:library
glew_static_vs2010_d.lib(glew.obj) : warning LNK4099: PDB 'vc100.pdb' was not found with 'glew_static_vs2010_d.lib(glew.obj)' or at 'C:\Users\mehra\Desktop\GAME2012_Final_Saeidi_Sarabi\Debug\vc100.pdb'; linking object as if no debug info
freeglut_static_vs2010_d.lib(freeglut_callbacks.obj) : warning LNK4099: PDB 'vc100.pdb' was not found with 'freeglut_static_vs2010_d.lib(freeglut_callbacks.obj)' or at 'C:\Users\mehra\Desktop\GAME2012_Final_Saeidi_Sarabi\Debug\vc100.pdb'; linking object as if no debug info
freeglut_static_vs2010_d.lib(freeglut_cursor.obj) : warning LNK4099: PDB 'vc100.pdb' was not found with 'freeglut_static_vs2010_d.lib(freeglut_cursor.obj)' or at 'C:\Users\mehra\Desktop\GAME2012_Final_Saeidi_Sarabi\Debug\vc100.pdb'; linking object as if no debug info
freeglut_static_vs2010_d.lib(freeglut_display.obj) : warning LNK4099: PDB '' was not found with 'freeglut_static_vs2010_d.lib(freeglut_display.obj)' or at ''; linking object as if no debug info
freeglut_static_vs2010_d.lib(freeglut_font.obj) : warning LNK4099: PDB 'vc100.pdb' was not found with 'freeglut_static_vs2010_d.lib(freeglut_font.obj)' or at 'C:\Users\mehra\Desktop\GAME2012_Final_Saeidi_Sarabi\Debug\vc100.pdb'; linking object as if no debug info
freeglut_static_vs2010_d.lib(freeglut_font_data.obj) : warning LNK4099: PDB 'vc100.pdb' was not found with 'freeglut_static_vs2010_d.lib(freeglut_font_data.obj)' or at 'C:\Users\mehra\Desktop\GAME2012_Final_Saeidi_Sarabi\Debug\vc100.pdb'; linking object as if no debug info
freeglut_static_vs2010_d.lib(freeglut_init.obj) : warning LNK4099: PDB '' was not found with 'freeglut_static_vs2010_d.lib(freeglut_init.obj)' or at ''; linking object as if no debug info
freeglut_static_vs2010_d.lib(freeglut_input_devices.obj) : warning LNK4099: PDB 'vc100.pdb' was not found with 'freeglut_static_vs2010_d.lib(freeglut_input_devices.obj)' or at 'C:\Users\mehra\Desktop\GAME2012_Final_Saeidi_Sarabi\Debug\vc100.pdb'; linking object as if no debug info
freeglut_static_vs2010_d.lib(freeglut_joystick.obj) : warning LNK4099: PDB 'vc100.pdb' was not found with 'freeglut_static_vs2010_d.lib(freeglut_joystick.obj)' or at 'C:\Users\mehra\Desktop\GAME2012_Final_Saeidi_Sarabi\Debug\vc100.pdb'; linking object as if no debug info
freeglut_static_vs2010_d.lib(freeglut_main.obj) : warning LNK4099: PDB '' was not found with 'freeglut_static_vs2010_d.lib(freeglut_main.obj)' or at ''; linking object as if no debug info
freeglut_static_vs2010_d.lib(freeglut_menu.obj) : warning LNK4099: PDB 'vc100.pdb' was not found with 'freeglut_static_vs2010_d.lib(freeglut_menu.obj)' or at 'C:\Users\mehra\Desktop\GAME2012_Final_Saeidi_Sarabi\Debug\vc100.pdb'; linking object as if no debug info
freeglut_static_vs2010_d.lib(freeglut_spaceball.obj) : warning LNK4099: PDB 'vc100.pdb' was not found with 'freeglut_static_vs2010_d.lib(freeglut_spaceball.obj)' or at 'C:\Users\mehra\Desktop\GAME2012_Final_Saeidi_Sarabi\Debug\vc100.pdb'; linking object as if no debug info
freeglut_static_vs2010_d.lib(freeglut_state.obj) : warning LNK4099: PDB '' was not found with 'freeglut_static_vs2010_d.lib(freeglut_state.obj)' or at ''; linking object as if no debug info
freeglut_static_vs2010_d.lib(freeglut_stroke_mono_roman.obj) : warning LNK4099: PDB 'vc100.pdb' was not found with 'freeglut_static_vs2010_d.lib(freeglut_stroke_mono_roman.obj)' or at 'C:\Users\mehra\Desktop\GAME2012_Final_Saeidi_Sarabi\Debug\vc100.pdb'; linking object as if no debug info
freeglut_static_vs2010_d.lib(freeglut_stroke_roman.obj) : warning LNK4099: PDB 'vc100.pdb' was not found with 'freeglut_static_vs2010_d.lib(freeglut_stroke_roman.obj)' or at 'C:\Users\mehra\Desktop\GAME2012_Final_Saeidi_Sarabi\Debug\vc100.pdb'; linking object as if no debug info
freeglut_static_vs2010_d.lib(freeglut_structure.obj) : warning LNK4099: PDB '' was not found with 'freeglut_static_vs2010_d.lib(freeglut_structure.obj)' or at ''; linking object as if no debug info
freeglut_static_vs2010_d.lib(freeglut_window.obj) : warning LNK4099: PDB 'vc100.pdb' was not found with 'freeglut_static_vs2010_d.lib(freeglut_window.obj)' or at 'C:\Users\mehra\Desktop\GAME2012_Final_Saeidi_Sarabi\Debug\vc100.pdb'; linking object as if no debug info
  FirstExample.vcxproj -> C:\Users\mehra\Desktop\GAME2012_Final_Saeidi_Sarabi\Debug\FirstExample.exe
